<?xml version="1.0" encoding="utf-8"?><testsuites name="pytest tests"><testsuite name="pytest" errors="0" failures="0" skipped="0" tests="19" time="3.551" timestamp="2026-05-27T10:33:50.803213+00:00" hostname="agent-env-4e2ac8d1-bbb3-4d8a-b05c-bff6bd1ec4ff"><testcase classname="backend.tests.test_nexus_backend" name="test_root" time="0.177" /><testcase classname="backend.tests.test_nexus_backend.TestKeys" name="test_add_openai_key" time="0.101" /><testcase classname="backend.tests.test_nexus_backend.TestKeys" name="test_add_gemini_key" time="0.097" /><testcase classname="backend.tests.test_nexus_backend.TestKeys" name="test_add_anthropic_key" time="0.092" /><testcase classname="backend.tests.test_nexus_backend.TestKeys" name="test_add_groq_key" time="0.109" /><testcase classname="backend.tests.test_nexus_backend.TestKeys" name="test_add_emergent_key" time="0.099" /><testcase classname="backend.tests.test_nexus_backend.TestKeys" name="test_add_invalid_key" time="0.114" /><testcase classname="backend.tests.test_nexus_backend.TestKeys" name="test_list_keys" time="0.108" /><testcase classname="backend.tests.test_nexus_backend.TestKeys" name="test_update_key_status" time="0.104" /><testcase classname="backend.tests.test_nexus_backend.TestKeys" name="test_zz_delete_keys" time="0.503" /><testcase classname="backend.tests.test_nexus_backend.TestSessions" name="test_create_session" time="0.103" /><testcase classname="backend.tests.test_nexus_backend.TestSessions" name="test_get_session" time="0.095" /><testcase classname="backend.tests.test_nexus_backend.TestSessions" name="test_list_sessions" time="0.101" /><testcase classname="backend.tests.test_nexus_backend.TestSessions" name="test_rename_session" time="0.200" /><testcase classname="backend.tests.test_nexus_backend.TestSessions" name="test_pin_session" time="0.201" /><testcase classname="backend.tests.test_nexus_backend.TestSessions" name="test_get_messages_empty" time="0.108" /><testcase classname="backend.tests.test_nexus_backend.TestSessions" name="test_session_not_found" time="0.115" /><testcase classname="backend.tests.test_nexus_backend.TestSessions" name="test_zz_delete_session" time="0.246" /><testcase classname="backend.tests.test_nexus_backend.TestChat" name="test_chat_stream_endpoint_exists" time="0.810" /></testsuite></testsuites>